<?xml version="1.0" encoding="UTF-8"?>
<testsuite name="com.mino.book.springboot.domain.posts.PostsRepositoryTest" tests="2" skipped="0" failures="0" errors="0" timestamp="2022-01-26T20:35:19" hostname="DESKTOP-2JUAE66" time="0.642">
  <properties/>
  <testcase name="게시글저장_불러오기" classname="com.mino.book.springboot.domain.posts.PostsRepositoryTest" time="0.612"/>
  <testcase name="BaseTimeEntity_등록" classname="com.mino.book.springboot.domain.posts.PostsRepositoryTest" time="0.029"/>
  <system-out><![CDATA[05:35:04.662 [Test worker] DEBUG org.springframework.test.context.junit4.SpringJUnit4ClassRunner - SpringJUnit4ClassRunner constructor called with [class com.mino.book.springboot.domain.posts.PostsRepositoryTest]
05:35:04.679 [Test worker] DEBUG org.springframework.test.context.BootstrapUtils - Instantiating CacheAwareContextLoaderDelegate from class [org.springframework.test.context.cache.DefaultCacheAwareContextLoaderDelegate]
05:35:04.700 [Test worker] DEBUG org.springframework.test.context.BootstrapUtils - Instantiating BootstrapContext using constructor [public org.springframework.test.context.support.DefaultBootstrapContext(java.lang.Class,org.springframework.test.context.CacheAwareContextLoaderDelegate)]
05:35:04.736 [Test worker] DEBUG org.springframework.test.context.BootstrapUtils - Instantiating TestContextBootstrapper for test class [com.mino.book.springboot.domain.posts.PostsRepositoryTest] from class [org.springframework.boot.test.context.SpringBootTestContextBootstrapper]
05:35:04.772 [Test worker] INFO org.springframework.boot.test.context.SpringBootTestContextBootstrapper - Neither @ContextConfiguration nor @ContextHierarchy found for test class [com.mino.book.springboot.domain.posts.PostsRepositoryTest], using SpringBootContextLoader
05:35:04.783 [Test worker] DEBUG org.springframework.test.context.support.AbstractContextLoader - Did not detect default resource location for test class [com.mino.book.springboot.domain.posts.PostsRepositoryTest]: class path resource [com/mino/book/springboot/domain/posts/PostsRepositoryTest-context.xml] does not exist
05:35:04.785 [Test worker] DEBUG org.springframework.test.context.support.AbstractContextLoader - Did not detect default resource location for test class [com.mino.book.springboot.domain.posts.PostsRepositoryTest]: class path resource [com/mino/book/springboot/domain/posts/PostsRepositoryTestContext.groovy] does not exist
05:35:04.785 [Test worker] INFO org.springframework.test.context.support.AbstractContextLoader - Could not detect default resource locations for test class [com.mino.book.springboot.domain.posts.PostsRepositoryTest]: no resource found for suffixes {-context.xml, Context.groovy}.
05:35:04.787 [Test worker] INFO org.springframework.test.context.support.AnnotationConfigContextLoaderUtils - Could not detect default configuration classes for test class [com.mino.book.springboot.domain.posts.PostsRepositoryTest]: PostsRepositoryTest does not declare any static, non-private, non-final, nested classes annotated with @Configuration.
05:35:04.898 [Test worker] DEBUG org.springframework.test.context.support.ActiveProfilesUtils - Could not find an 'annotation declaring class' for annotation type [org.springframework.test.context.ActiveProfiles] and class [com.mino.book.springboot.domain.posts.PostsRepositoryTest]
05:35:05.073 [Test worker] DEBUG org.springframework.context.annotation.ClassPathScanningCandidateComponentProvider - Identified candidate component class: file [C:\Users\mino\springboot-aws\build\classes\java\main\com\mino\book\springboot\Application.class]
05:35:05.075 [Test worker] INFO org.springframework.boot.test.context.SpringBootTestContextBootstrapper - Found @SpringBootConfiguration com.mino.book.springboot.Application for test class com.mino.book.springboot.domain.posts.PostsRepositoryTest
05:35:05.331 [Test worker] DEBUG org.springframework.boot.test.context.SpringBootTestContextBootstrapper - @TestExecutionListeners is not present for class [com.mino.book.springboot.domain.posts.PostsRepositoryTest]: using defaults.
05:35:05.333 [Test worker] INFO org.springframework.boot.test.context.SpringBootTestContextBootstrapper - Loaded default TestExecutionListener class names from location [META-INF/spring.factories]: [org.springframework.security.test.context.support.WithSecurityContextTestExecutionListener, org.springframework.security.test.context.support.ReactorContextTestExecutionListener, org.springframework.boot.test.autoconfigure.restdocs.RestDocsTestExecutionListener, org.springframework.boot.test.autoconfigure.web.client.MockRestServiceServerResetTestExecutionListener, org.springframework.boot.test.autoconfigure.web.servlet.MockMvcPrintOnlyOnFailureTestExecutionListener, org.springframework.boot.test.autoconfigure.web.servlet.WebDriverTestExecutionListener, org.springframework.boot.test.mock.mockito.MockitoTestExecutionListener, org.springframework.boot.test.mock.mockito.ResetMocksTestExecutionListener, org.springframework.test.context.web.ServletTestExecutionListener, org.springframework.test.context.support.DirtiesContextBeforeModesTestExecutionListener, org.springframework.test.context.support.DependencyInjectionTestExecutionListener, org.springframework.test.context.support.DirtiesContextTestExecutionListener, org.springframework.test.context.transaction.TransactionalTestExecutionListener, org.springframework.test.context.jdbc.SqlScriptsTestExecutionListener]
05:35:05.381 [Test worker] INFO org.springframework.boot.test.context.SpringBootTestContextBootstrapper - Using TestExecutionListeners: [org.springframework.test.context.web.ServletTestExecutionListener@7d4e6801, org.springframework.test.context.support.DirtiesContextBeforeModesTestExecutionListener@20b14fd2, org.springframework.boot.test.mock.mockito.MockitoTestExecutionListener@13ecf41b, org.springframework.boot.test.autoconfigure.SpringBootDependencyInjectionTestExecutionListener@59f6af3d, org.springframework.test.context.support.DirtiesContextTestExecutionListener@5776da62, org.springframework.test.context.transaction.TransactionalTestExecutionListener@7d93c081, org.springframework.test.context.jdbc.SqlScriptsTestExecutionListener@92baf04, org.springframework.security.test.context.support.WithSecurityContextTestExecutionListener@65c8765b, org.springframework.security.test.context.support.ReactorContextTestExecutionListener@48c054a, org.springframework.boot.test.autoconfigure.restdocs.RestDocsTestExecutionListener@67f85a92, org.springframework.boot.test.autoconfigure.web.client.MockRestServiceServerResetTestExecutionListener@337f9ae6, org.springframework.boot.test.autoconfigure.web.servlet.MockMvcPrintOnlyOnFailureTestExecutionListener@15a3487c, org.springframework.boot.test.autoconfigure.web.servlet.WebDriverTestExecutionListener@7161a9d7, org.springframework.boot.test.mock.mockito.ResetMocksTestExecutionListener@546851a3]
05:35:05.387 [Test worker] DEBUG org.springframework.test.annotation.ProfileValueUtils - Retrieved @ProfileValueSourceConfiguration [null] for test class [com.mino.book.springboot.domain.posts.PostsRepositoryTest]
05:35:05.388 [Test worker] DEBUG org.springframework.test.annotation.ProfileValueUtils - Retrieved ProfileValueSource type [class org.springframework.test.annotation.SystemProfileValueSource] for class [com.mino.book.springboot.domain.posts.PostsRepositoryTest]
05:35:05.389 [Test worker] DEBUG org.springframework.test.annotation.ProfileValueUtils - Retrieved @ProfileValueSourceConfiguration [null] for test class [com.mino.book.springboot.domain.posts.PostsRepositoryTest]
05:35:05.390 [Test worker] DEBUG org.springframework.test.annotation.ProfileValueUtils - Retrieved ProfileValueSource type [class org.springframework.test.annotation.SystemProfileValueSource] for class [com.mino.book.springboot.domain.posts.PostsRepositoryTest]
05:35:05.399 [Test worker] DEBUG org.springframework.test.context.support.AbstractDirtiesContextTestExecutionListener - Before test class: context [DefaultTestContext@1681d957 testClass = PostsRepositoryTest, testInstance = [null], testMethod = [null], testException = [null], mergedContextConfiguration = [WebMergedContextConfiguration@4bf252db testClass = PostsRepositoryTest, locations = '{}', classes = '{class com.mino.book.springboot.Application}', contextInitializerClasses = '[]', activeProfiles = '{}', propertySourceLocations = '{}', propertySourceProperties = '{org.springframework.boot.test.context.SpringBootTestContextBootstrapper=true}', contextCustomizers = set[org.springframework.boot.test.autoconfigure.properties.PropertyMappingContextCustomizer@0, org.springframework.boot.test.autoconfigure.web.servlet.WebDriverContextCustomizerFactory$Customizer@50f6ff42, org.springframework.boot.test.context.filter.ExcludeFilterContextCustomizer@37e69446, org.springframework.boot.test.json.DuplicateJsonObjectContextCustomizerFactory$DuplicateJsonObjectContextCustomizer@341027a8, org.springframework.boot.test.mock.mockito.MockitoContextCustomizer@0, org.springframework.boot.test.web.client.TestRestTemplateContextCustomizer@3e819a63], resourceBasePath = 'src/main/webapp', contextLoader = 'org.springframework.boot.test.context.SpringBootContextLoader', parent = [null]], attributes = map['org.springframework.test.context.web.ServletTestExecutionListener.activateListener' -> true]], class annotated with @DirtiesContext [false] with mode [null].
05:35:05.401 [Test worker] DEBUG org.springframework.test.annotation.ProfileValueUtils - Retrieved @ProfileValueSourceConfiguration [null] for test class [com.mino.book.springboot.domain.posts.PostsRepositoryTest]
05:35:05.401 [Test worker] DEBUG org.springframework.test.annotation.ProfileValueUtils - Retrieved ProfileValueSource type [class org.springframework.test.annotation.SystemProfileValueSource] for class [com.mino.book.springboot.domain.posts.PostsRepositoryTest]
05:35:05.449 [Test worker] DEBUG org.springframework.test.context.support.TestPropertySourceUtils - Adding inlined properties to environment: {spring.jmx.enabled=false, org.springframework.boot.test.context.SpringBootTestContextBootstrapper=true, server.port=-1}

  .   ____          _            __ _ _
 /\\ / ___'_ __ _ _(_)_ __  __ _ \ \ \ \
( ( )\___ | '_ | '_| | '_ \/ _` | \ \ \ \
 \\/  ___)| |_)| | | | | || (_| |  ) ) ) )
  '  |____| .__|_| |_|_| |_\__, | / / / /
 =========|_|==============|___/=/_/_/_/
 :: Spring Boot ::        (v2.1.7.RELEASE)

2022-01-27 05:35:06.058  INFO 13840 --- [    Test worker] c.m.b.s.d.posts.PostsRepositoryTest      : Starting PostsRepositoryTest on DESKTOP-2JUAE66 with PID 13840 (started by 김민호 in C:\Users\mino\springboot-aws)
2022-01-27 05:35:06.061  INFO 13840 --- [    Test worker] c.m.b.s.d.posts.PostsRepositoryTest      : No active profile set, falling back to default profiles: default
2022-01-27 05:35:07.966  INFO 13840 --- [    Test worker] .s.d.r.c.RepositoryConfigurationDelegate : Bootstrapping Spring Data repositories in DEFAULT mode.
2022-01-27 05:35:08.175  INFO 13840 --- [    Test worker] .s.d.r.c.RepositoryConfigurationDelegate : Finished Spring Data repository scanning in 184ms. Found 2 repository interfaces.
2022-01-27 05:35:09.333  INFO 13840 --- [    Test worker] trationDelegate$BeanPostProcessorChecker : Bean 'org.springframework.transaction.annotation.ProxyTransactionManagementConfiguration' of type [org.springframework.transaction.annotation.ProxyTransactionManagementConfiguration$$EnhancerBySpringCGLIB$$26e423fc] is not eligible for getting processed by all BeanPostProcessors (for example: not eligible for auto-proxying)
2022-01-27 05:35:09.816  INFO 13840 --- [    Test worker] com.zaxxer.hikari.HikariDataSource       : HikariPool-1 - Starting...
2022-01-27 05:35:10.282  INFO 13840 --- [    Test worker] com.zaxxer.hikari.HikariDataSource       : HikariPool-1 - Start completed.
2022-01-27 05:35:10.546  INFO 13840 --- [    Test worker] o.hibernate.jpa.internal.util.LogHelper  : HHH000204: Processing PersistenceUnitInfo [
	name: default
	...]
2022-01-27 05:35:10.766  INFO 13840 --- [    Test worker] org.hibernate.Version                    : HHH000412: Hibernate Core {5.3.10.Final}
2022-01-27 05:35:10.773  INFO 13840 --- [    Test worker] org.hibernate.cfg.Environment            : HHH000206: hibernate.properties not found
2022-01-27 05:35:11.258  INFO 13840 --- [    Test worker] o.hibernate.annotations.common.Version   : HCANN000001: Hibernate Commons Annotations {5.0.4.Final}
2022-01-27 05:35:11.741  INFO 13840 --- [    Test worker] org.hibernate.dialect.Dialect            : HHH000400: Using dialect: org.hibernate.dialect.MySQL5Dialect
Hibernate: drop table if exists posts
Hibernate: drop table if exists user
Hibernate: create table posts (id bigint not null auto_increment, created_time datetime, modified_time datetime, author varchar(255), content TEXT not null, title varchar(500) not null, primary key (id)) engine=MyISAM
Hibernate: create table user (id bigint not null auto_increment, created_time datetime, modified_time datetime, email varchar(255) not null, name varchar(255) not null, picture varchar(255), role varchar(255) not null, primary key (id)) engine=MyISAM
2022-01-27 05:35:13.401  INFO 13840 --- [    Test worker] o.h.t.schema.internal.SchemaCreatorImpl  : HHH000476: Executing import script 'org.hibernate.tool.schema.internal.exec.ScriptSourceInputNonExistentImpl@26f5242a'
2022-01-27 05:35:13.409  INFO 13840 --- [    Test worker] j.LocalContainerEntityManagerFactoryBean : Initialized JPA EntityManagerFactory for persistence unit 'default'
2022-01-27 05:35:14.783  INFO 13840 --- [    Test worker] o.h.h.i.QueryTranslatorFactoryInitiator  : HHH000397: Using ASTQueryTranslatorFactory
2022-01-27 05:35:16.062  INFO 13840 --- [    Test worker] o.s.s.web.DefaultSecurityFilterChain     : Creating filter chain: any request, [org.springframework.security.web.context.request.async.WebAsyncManagerIntegrationFilter@5259c4b2, org.springframework.security.web.context.SecurityContextPersistenceFilter@240caa3a, org.springframework.security.web.header.HeaderWriterFilter@62b3d665, org.springframework.security.web.authentication.logout.LogoutFilter@2cec9ea3, org.springframework.security.oauth2.client.web.OAuth2AuthorizationRequestRedirectFilter@54428584, org.springframework.security.oauth2.client.web.OAuth2LoginAuthenticationFilter@3d494949, org.springframework.security.web.authentication.ui.DefaultLoginPageGeneratingFilter@2d59f8f4, org.springframework.security.web.authentication.ui.DefaultLogoutPageGeneratingFilter@214eeca8, org.springframework.security.web.savedrequest.RequestCacheAwareFilter@3958e7e7, org.springframework.security.web.servletapi.SecurityContextHolderAwareRequestFilter@5fca2a55, org.springframework.security.web.authentication.AnonymousAuthenticationFilter@23c594d0, org.springframework.security.web.session.SessionManagementFilter@2576c9ed, org.springframework.security.web.access.ExceptionTranslationFilter@44317540, org.springframework.security.web.access.intercept.FilterSecurityInterceptor@550eb6f]
2022-01-27 05:35:17.715  INFO 13840 --- [    Test worker] o.s.s.concurrent.ThreadPoolTaskExecutor  : Initializing ExecutorService 'applicationTaskExecutor'
2022-01-27 05:35:17.904  WARN 13840 --- [    Test worker] aWebConfiguration$JpaWebMvcConfiguration : spring.jpa.open-in-view is enabled by default. Therefore, database queries may be performed during view rendering. Explicitly configure spring.jpa.open-in-view to disable this warning
2022-01-27 05:35:18.035  INFO 13840 --- [    Test worker] o.s.b.a.w.s.WelcomePageHandlerMapping    : Adding welcome page template: index
2022-01-27 05:35:19.362  INFO 13840 --- [    Test worker] s.a.ScheduledAnnotationBeanPostProcessor : No TaskScheduler/ScheduledExecutorService bean found for scheduled processing
2022-01-27 05:35:19.390  INFO 13840 --- [    Test worker] c.m.b.s.d.posts.PostsRepositoryTest      : Started PostsRepositoryTest in 13.921 seconds (JVM running for 16.761)
Hibernate: insert into posts (created_time, modified_time, author, content, title) values (?, ?, ?, ?, ?)
Hibernate: select posts0_.id as id1_0_, posts0_.created_time as created_2_0_, posts0_.modified_time as modified3_0_, posts0_.author as author4_0_, posts0_.content as content5_0_, posts0_.title as title6_0_ from posts posts0_
Hibernate: select posts0_.id as id1_0_, posts0_.created_time as created_2_0_, posts0_.modified_time as modified3_0_, posts0_.author as author4_0_, posts0_.content as content5_0_, posts0_.title as title6_0_ from posts posts0_
Hibernate: delete from posts where id=?
Hibernate: insert into posts (created_time, modified_time, author, content, title) values (?, ?, ?, ?, ?)
Hibernate: select posts0_.id as id1_0_, posts0_.created_time as created_2_0_, posts0_.modified_time as modified3_0_, posts0_.author as author4_0_, posts0_.content as content5_0_, posts0_.title as title6_0_ from posts posts0_
>>>>>>>>>>>>>>> createdDate = 2022-01-27T05:35:20.050927, modifiedDate = 2022-01-27T05:35:20.050927
Hibernate: select posts0_.id as id1_0_, posts0_.created_time as created_2_0_, posts0_.modified_time as modified3_0_, posts0_.author as author4_0_, posts0_.content as content5_0_, posts0_.title as title6_0_ from posts posts0_
Hibernate: delete from posts where id=?
]]></system-out>
  <system-err><![CDATA[]]></system-err>
</testsuite>
