<?xml version="1.0" encoding="UTF-8"?>
<testsuite name="com.mino.book.springboot.web.IndexControllerTest" tests="1" skipped="0" failures="0" errors="0" timestamp="2022-01-28T07:25:32" hostname="DESKTOP-2JUAE66" time="0.34">
  <properties/>
  <testcase name="mainPage_Loading" classname="com.mino.book.springboot.web.IndexControllerTest" time="0.34"/>
  <system-out><![CDATA[2022-01-28 16:25:27.810  INFO 18680 --- [    Test worker] .b.t.c.SpringBootTestContextBootstrapper : Neither @ContextConfiguration nor @ContextHierarchy found for test class [com.mino.book.springboot.web.IndexControllerTest], using SpringBootContextLoader
2022-01-28 16:25:27.813  INFO 18680 --- [    Test worker] o.s.t.c.support.AbstractContextLoader    : Could not detect default resource locations for test class [com.mino.book.springboot.web.IndexControllerTest]: no resource found for suffixes {-context.xml, Context.groovy}.
2022-01-28 16:25:27.814  INFO 18680 --- [    Test worker] t.c.s.AnnotationConfigContextLoaderUtils : Could not detect default configuration classes for test class [com.mino.book.springboot.web.IndexControllerTest]: IndexControllerTest does not declare any static, non-private, non-final, nested classes annotated with @Configuration.
2022-01-28 16:25:27.818  INFO 18680 --- [    Test worker] .b.t.c.SpringBootTestContextBootstrapper : Found @SpringBootConfiguration com.mino.book.springboot.Application for test class com.mino.book.springboot.web.IndexControllerTest
2022-01-28 16:25:27.820  INFO 18680 --- [    Test worker] .b.t.c.SpringBootTestContextBootstrapper : Loaded default TestExecutionListener class names from location [META-INF/spring.factories]: [org.springframework.security.test.context.support.WithSecurityContextTestExecutionListener, org.springframework.security.test.context.support.ReactorContextTestExecutionListener, org.springframework.boot.test.autoconfigure.restdocs.RestDocsTestExecutionListener, org.springframework.boot.test.autoconfigure.web.client.MockRestServiceServerResetTestExecutionListener, org.springframework.boot.test.autoconfigure.web.servlet.MockMvcPrintOnlyOnFailureTestExecutionListener, org.springframework.boot.test.autoconfigure.web.servlet.WebDriverTestExecutionListener, org.springframework.boot.test.mock.mockito.MockitoTestExecutionListener, org.springframework.boot.test.mock.mockito.ResetMocksTestExecutionListener, org.springframework.test.context.web.ServletTestExecutionListener, org.springframework.test.context.support.DirtiesContextBeforeModesTestExecutionListener, org.springframework.test.context.support.DependencyInjectionTestExecutionListener, org.springframework.test.context.support.DirtiesContextTestExecutionListener, org.springframework.test.context.transaction.TransactionalTestExecutionListener, org.springframework.test.context.jdbc.SqlScriptsTestExecutionListener]
2022-01-28 16:25:27.822  INFO 18680 --- [    Test worker] .b.t.c.SpringBootTestContextBootstrapper : Using TestExecutionListeners: [org.springframework.test.context.web.ServletTestExecutionListener@2ecd5898, org.springframework.test.context.support.DirtiesContextBeforeModesTestExecutionListener@399b64dd, org.springframework.boot.test.mock.mockito.MockitoTestExecutionListener@30c1ca0a, org.springframework.boot.test.autoconfigure.SpringBootDependencyInjectionTestExecutionListener@7480ce9f, org.springframework.test.context.support.DirtiesContextTestExecutionListener@30cd510f, org.springframework.test.context.transaction.TransactionalTestExecutionListener@52926647, org.springframework.test.context.jdbc.SqlScriptsTestExecutionListener@6cbd7785, org.springframework.security.test.context.support.WithSecurityContextTestExecutionListener@1e3bb8bb, org.springframework.security.test.context.support.ReactorContextTestExecutionListener@4424d75a, org.springframework.boot.test.autoconfigure.restdocs.RestDocsTestExecutionListener@5c521c7, org.springframework.boot.test.autoconfigure.web.client.MockRestServiceServerResetTestExecutionListener@2437fa5, org.springframework.boot.test.autoconfigure.web.servlet.MockMvcPrintOnlyOnFailureTestExecutionListener@417ef136, org.springframework.boot.test.autoconfigure.web.servlet.WebDriverTestExecutionListener@23826044, org.springframework.boot.test.mock.mockito.ResetMocksTestExecutionListener@f65b6ea]

  .   ____          _            __ _ _
 /\\ / ___'_ __ _ _(_)_ __  __ _ \ \ \ \
( ( )\___ | '_ | '_| | '_ \/ _` | \ \ \ \
 \\/  ___)| |_)| | | | | || (_| |  ) ) ) )
  '  |____| .__|_| |_|_| |_\__, | / / / /
 =========|_|==============|___/=/_/_/_/
 :: Spring Boot ::        (v2.1.7.RELEASE)

2022-01-28 16:25:27.927  INFO 18680 --- [    Test worker] c.m.b.s.web.IndexControllerTest          : Starting IndexControllerTest on DESKTOP-2JUAE66 with PID 18680 (started by 김민호 in C:\Users\mino\springboot-aws)
2022-01-28 16:25:27.928  INFO 18680 --- [    Test worker] c.m.b.s.web.IndexControllerTest          : No active profile set, falling back to default profiles: default
2022-01-28 16:25:28.509  INFO 18680 --- [    Test worker] .s.d.r.c.RepositoryConfigurationDelegate : Bootstrapping Spring Data repositories in DEFAULT mode.
2022-01-28 16:25:28.593  INFO 18680 --- [    Test worker] .s.d.r.c.RepositoryConfigurationDelegate : Finished Spring Data repository scanning in 84ms. Found 2 repository interfaces.
2022-01-28 16:25:28.811  INFO 18680 --- [    Test worker] trationDelegate$BeanPostProcessorChecker : Bean 'org.springframework.transaction.annotation.ProxyTransactionManagementConfiguration' of type [org.springframework.transaction.annotation.ProxyTransactionManagementConfiguration$$EnhancerBySpringCGLIB$$fe086654] is not eligible for getting processed by all BeanPostProcessors (for example: not eligible for auto-proxying)
2022-01-28 16:25:29.382  INFO 18680 --- [    Test worker] o.s.b.w.embedded.tomcat.TomcatWebServer  : Tomcat initialized with port(s): 0 (http)
2022-01-28 16:25:29.442  INFO 18680 --- [    Test worker] o.apache.catalina.core.StandardService   : Starting service [Tomcat]
2022-01-28 16:25:29.442  INFO 18680 --- [    Test worker] org.apache.catalina.core.StandardEngine  : Starting Servlet engine: [Apache Tomcat/9.0.22]
2022-01-28 16:25:29.894  INFO 18680 --- [    Test worker] o.a.c.c.C.[Tomcat].[localhost].[/]       : Initializing Spring embedded WebApplicationContext
2022-01-28 16:25:29.894  INFO 18680 --- [    Test worker] o.s.web.context.ContextLoader            : Root WebApplicationContext: initialization completed in 1960 ms
2022-01-28 16:25:30.266  INFO 18680 --- [    Test worker] com.zaxxer.hikari.HikariDataSource       : HikariPool-2 - Starting...
2022-01-28 16:25:30.267  INFO 18680 --- [    Test worker] com.zaxxer.hikari.HikariDataSource       : HikariPool-2 - Start completed.
2022-01-28 16:25:30.362  INFO 18680 --- [    Test worker] o.hibernate.jpa.internal.util.LogHelper  : HHH000204: Processing PersistenceUnitInfo [
	name: default
	...]
2022-01-28 16:25:30.392  INFO 18680 --- [    Test worker] org.hibernate.dialect.Dialect            : HHH000400: Using dialect: org.hibernate.dialect.MySQL5Dialect
Hibernate: drop table if exists posts
Hibernate: drop table if exists user
Hibernate: create table posts (id bigint not null auto_increment, created_time datetime, modified_time datetime, author varchar(255), content TEXT not null, title varchar(500) not null, primary key (id)) engine=MyISAM
Hibernate: create table user (id bigint not null auto_increment, created_time datetime, modified_time datetime, email varchar(255) not null, name varchar(255) not null, picture varchar(255), role varchar(255) not null, primary key (id)) engine=MyISAM
2022-01-28 16:25:30.503  INFO 18680 --- [    Test worker] o.h.t.schema.internal.SchemaCreatorImpl  : HHH000476: Executing import script 'org.hibernate.tool.schema.internal.exec.ScriptSourceInputNonExistentImpl@4953e42a'
2022-01-28 16:25:30.503  INFO 18680 --- [    Test worker] j.LocalContainerEntityManagerFactoryBean : Initialized JPA EntityManagerFactory for persistence unit 'default'
2022-01-28 16:25:31.112  INFO 18680 --- [    Test worker] o.h.h.i.QueryTranslatorFactoryInitiator  : HHH000397: Using ASTQueryTranslatorFactory
2022-01-28 16:25:31.445  INFO 18680 --- [    Test worker] o.s.s.web.DefaultSecurityFilterChain     : Creating filter chain: any request, [org.springframework.security.web.context.request.async.WebAsyncManagerIntegrationFilter@25432a4e, org.springframework.security.web.context.SecurityContextPersistenceFilter@6e8ca3d9, org.springframework.security.web.header.HeaderWriterFilter@2a6388cd, org.springframework.security.web.authentication.logout.LogoutFilter@7526d6ce, org.springframework.security.oauth2.client.web.OAuth2AuthorizationRequestRedirectFilter@11c38138, org.springframework.security.oauth2.client.web.OAuth2LoginAuthenticationFilter@3a0a8ef8, org.springframework.security.web.authentication.ui.DefaultLoginPageGeneratingFilter@7ebf30ab, org.springframework.security.web.authentication.ui.DefaultLogoutPageGeneratingFilter@4eb77e25, org.springframework.security.web.savedrequest.RequestCacheAwareFilter@fa2b657, org.springframework.security.web.servletapi.SecurityContextHolderAwareRequestFilter@3931628e, org.springframework.security.web.authentication.AnonymousAuthenticationFilter@43f0fc8a, org.springframework.security.web.session.SessionManagementFilter@869e41f, org.springframework.security.web.access.ExceptionTranslationFilter@7d739788, org.springframework.security.web.access.intercept.FilterSecurityInterceptor@56e7af0c]
2022-01-28 16:25:31.866  INFO 18680 --- [    Test worker] o.s.s.concurrent.ThreadPoolTaskExecutor  : Initializing ExecutorService 'applicationTaskExecutor'
2022-01-28 16:25:31.897  WARN 18680 --- [    Test worker] aWebConfiguration$JpaWebMvcConfiguration : spring.jpa.open-in-view is enabled by default. Therefore, database queries may be performed during view rendering. Explicitly configure spring.jpa.open-in-view to disable this warning
2022-01-28 16:25:31.949  INFO 18680 --- [    Test worker] o.s.b.a.w.s.WelcomePageHandlerMapping    : Adding welcome page template: index
2022-01-28 16:25:32.598  INFO 18680 --- [    Test worker] s.a.ScheduledAnnotationBeanPostProcessor : No TaskScheduler/ScheduledExecutorService bean found for scheduled processing
2022-01-28 16:25:32.641  INFO 18680 --- [    Test worker] o.s.b.w.embedded.tomcat.TomcatWebServer  : Tomcat started on port(s): 62329 (http) with context path ''
2022-01-28 16:25:32.642  INFO 18680 --- [    Test worker] c.m.b.s.web.IndexControllerTest          : Started IndexControllerTest in 4.817 seconds (JVM running for 27.784)
2022-01-28 16:25:32.825  INFO 18680 --- [o-auto-1-exec-1] o.a.c.c.C.[Tomcat].[localhost].[/]       : Initializing Spring DispatcherServlet 'dispatcherServlet'
2022-01-28 16:25:32.826  INFO 18680 --- [o-auto-1-exec-1] o.s.web.servlet.DispatcherServlet        : Initializing Servlet 'dispatcherServlet'
2022-01-28 16:25:32.858  INFO 18680 --- [o-auto-1-exec-1] o.s.web.servlet.DispatcherServlet        : Completed initialization in 32 ms
Hibernate: select posts0_.id as id1_0_, posts0_.created_time as created_2_0_, posts0_.modified_time as modified3_0_, posts0_.author as author4_0_, posts0_.content as content5_0_, posts0_.title as title6_0_ from posts posts0_ order by posts0_.id DESC
]]></system-out>
  <system-err><![CDATA[]]></system-err>
</testsuite>
