<?xml version="1.0" encoding="UTF-8"?>
<testsuite name="com.mino.book.springboot.web.PostsApiControllerTest" tests="2" skipped="0" failures="0" errors="0" timestamp="2022-01-26T20:35:28" hostname="DESKTOP-2JUAE66" time="0.216">
  <properties/>
  <testcase name="Posts_Loaded" classname="com.mino.book.springboot.web.PostsApiControllerTest" time="0.157"/>
  <testcase name="Posts_Updated" classname="com.mino.book.springboot.web.PostsApiControllerTest" time="0.058"/>
  <system-out><![CDATA[2022-01-27 05:35:28.002  INFO 13840 --- [    Test worker] .b.t.c.SpringBootTestContextBootstrapper : Neither @ContextConfiguration nor @ContextHierarchy found for test class [com.mino.book.springboot.web.PostsApiControllerTest], using SpringBootContextLoader
2022-01-27 05:35:28.005  INFO 13840 --- [    Test worker] o.s.t.c.support.AbstractContextLoader    : Could not detect default resource locations for test class [com.mino.book.springboot.web.PostsApiControllerTest]: no resource found for suffixes {-context.xml, Context.groovy}.
2022-01-27 05:35:28.006  INFO 13840 --- [    Test worker] t.c.s.AnnotationConfigContextLoaderUtils : Could not detect default configuration classes for test class [com.mino.book.springboot.web.PostsApiControllerTest]: PostsApiControllerTest does not declare any static, non-private, non-final, nested classes annotated with @Configuration.
2022-01-27 05:35:28.010  INFO 13840 --- [    Test worker] .b.t.c.SpringBootTestContextBootstrapper : Found @SpringBootConfiguration com.mino.book.springboot.Application for test class com.mino.book.springboot.web.PostsApiControllerTest
2022-01-27 05:35:28.013  INFO 13840 --- [    Test worker] .b.t.c.SpringBootTestContextBootstrapper : Loaded default TestExecutionListener class names from location [META-INF/spring.factories]: [org.springframework.security.test.context.support.WithSecurityContextTestExecutionListener, org.springframework.security.test.context.support.ReactorContextTestExecutionListener, org.springframework.boot.test.autoconfigure.restdocs.RestDocsTestExecutionListener, org.springframework.boot.test.autoconfigure.web.client.MockRestServiceServerResetTestExecutionListener, org.springframework.boot.test.autoconfigure.web.servlet.MockMvcPrintOnlyOnFailureTestExecutionListener, org.springframework.boot.test.autoconfigure.web.servlet.WebDriverTestExecutionListener, org.springframework.boot.test.mock.mockito.MockitoTestExecutionListener, org.springframework.boot.test.mock.mockito.ResetMocksTestExecutionListener, org.springframework.test.context.web.ServletTestExecutionListener, org.springframework.test.context.support.DirtiesContextBeforeModesTestExecutionListener, org.springframework.test.context.support.DependencyInjectionTestExecutionListener, org.springframework.test.context.support.DirtiesContextTestExecutionListener, org.springframework.test.context.transaction.TransactionalTestExecutionListener, org.springframework.test.context.jdbc.SqlScriptsTestExecutionListener]
2022-01-27 05:35:28.015  INFO 13840 --- [    Test worker] .b.t.c.SpringBootTestContextBootstrapper : Using TestExecutionListeners: [org.springframework.test.context.web.ServletTestExecutionListener@5e0b69db, org.springframework.test.context.support.DirtiesContextBeforeModesTestExecutionListener@9d1f3c5, org.springframework.boot.test.mock.mockito.MockitoTestExecutionListener@4df3bbe3, org.springframework.boot.test.autoconfigure.SpringBootDependencyInjectionTestExecutionListener@2a3ade7e, org.springframework.test.context.support.DirtiesContextTestExecutionListener@2f7a3f53, org.springframework.test.context.transaction.TransactionalTestExecutionListener@2933bea2, org.springframework.test.context.jdbc.SqlScriptsTestExecutionListener@794f24c4, org.springframework.security.test.context.support.WithSecurityContextTestExecutionListener@5fadcbd, org.springframework.security.test.context.support.ReactorContextTestExecutionListener@7b04ebf6, org.springframework.boot.test.autoconfigure.restdocs.RestDocsTestExecutionListener@4ff69c9a, org.springframework.boot.test.autoconfigure.web.client.MockRestServiceServerResetTestExecutionListener@4f1fe8a4, org.springframework.boot.test.autoconfigure.web.servlet.MockMvcPrintOnlyOnFailureTestExecutionListener@1c53cace, org.springframework.boot.test.autoconfigure.web.servlet.WebDriverTestExecutionListener@40d4c9e9, org.springframework.boot.test.mock.mockito.ResetMocksTestExecutionListener@3bbd8f25]
2022-01-27 05:35:28.030  INFO 13840 --- [    Test worker] o.a.c.c.C.[Tomcat].[localhost].[/]       : Initializing Spring TestDispatcherServlet ''
2022-01-27 05:35:28.030  INFO 13840 --- [    Test worker] o.s.t.web.servlet.TestDispatcherServlet  : Initializing Servlet ''
2022-01-27 05:35:28.035  INFO 13840 --- [    Test worker] o.s.t.web.servlet.TestDispatcherServlet  : Completed initialization in 4 ms
Hibernate: insert into posts (created_time, modified_time, author, content, title) values (?, ?, ?, ?, ?)
Hibernate: select posts0_.id as id1_0_, posts0_.created_time as created_2_0_, posts0_.modified_time as modified3_0_, posts0_.author as author4_0_, posts0_.content as content5_0_, posts0_.title as title6_0_ from posts posts0_
Hibernate: select posts0_.id as id1_0_, posts0_.created_time as created_2_0_, posts0_.modified_time as modified3_0_, posts0_.author as author4_0_, posts0_.content as content5_0_, posts0_.title as title6_0_ from posts posts0_
Hibernate: delete from posts where id=?
2022-01-27 05:35:28.183  INFO 13840 --- [    Test worker] o.a.c.c.C.[Tomcat].[localhost].[/]       : Initializing Spring TestDispatcherServlet ''
2022-01-27 05:35:28.183  INFO 13840 --- [    Test worker] o.s.t.web.servlet.TestDispatcherServlet  : Initializing Servlet ''
2022-01-27 05:35:28.187  INFO 13840 --- [    Test worker] o.s.t.web.servlet.TestDispatcherServlet  : Completed initialization in 4 ms
Hibernate: insert into posts (created_time, modified_time, author, content, title) values (?, ?, ?, ?, ?)
Hibernate: select posts0_.id as id1_0_0_, posts0_.created_time as created_2_0_0_, posts0_.modified_time as modified3_0_0_, posts0_.author as author4_0_0_, posts0_.content as content5_0_0_, posts0_.title as title6_0_0_ from posts posts0_ where posts0_.id=?
Hibernate: update posts set created_time=?, modified_time=?, author=?, content=?, title=? where id=?
Hibernate: select posts0_.id as id1_0_, posts0_.created_time as created_2_0_, posts0_.modified_time as modified3_0_, posts0_.author as author4_0_, posts0_.content as content5_0_, posts0_.title as title6_0_ from posts posts0_
Hibernate: select posts0_.id as id1_0_, posts0_.created_time as created_2_0_, posts0_.modified_time as modified3_0_, posts0_.author as author4_0_, posts0_.content as content5_0_, posts0_.title as title6_0_ from posts posts0_
Hibernate: delete from posts where id=?
]]></system-out>
  <system-err><![CDATA[]]></system-err>
</testsuite>
