<?xml version="1.0" encoding="UTF-8"?>
<testsuite name="com.mino.book.springboot.web.IndexControllerTest" tests="1" skipped="0" failures="0" errors="0" timestamp="2022-01-26T20:35:27" hostname="DESKTOP-2JUAE66" time="0.394">
  <properties/>
  <testcase name="mainPage_Loading" classname="com.mino.book.springboot.web.IndexControllerTest" time="0.394"/>
  <system-out><![CDATA[2022-01-27 05:35:23.015  INFO 13840 --- [    Test worker] .b.t.c.SpringBootTestContextBootstrapper : Neither @ContextConfiguration nor @ContextHierarchy found for test class [com.mino.book.springboot.web.IndexControllerTest], using SpringBootContextLoader
2022-01-27 05:35:23.017  INFO 13840 --- [    Test worker] o.s.t.c.support.AbstractContextLoader    : Could not detect default resource locations for test class [com.mino.book.springboot.web.IndexControllerTest]: no resource found for suffixes {-context.xml, Context.groovy}.
2022-01-27 05:35:23.018  INFO 13840 --- [    Test worker] t.c.s.AnnotationConfigContextLoaderUtils : Could not detect default configuration classes for test class [com.mino.book.springboot.web.IndexControllerTest]: IndexControllerTest does not declare any static, non-private, non-final, nested classes annotated with @Configuration.
2022-01-27 05:35:23.021  INFO 13840 --- [    Test worker] .b.t.c.SpringBootTestContextBootstrapper : Found @SpringBootConfiguration com.mino.book.springboot.Application for test class com.mino.book.springboot.web.IndexControllerTest
2022-01-27 05:35:23.024  INFO 13840 --- [    Test worker] .b.t.c.SpringBootTestContextBootstrapper : Loaded default TestExecutionListener class names from location [META-INF/spring.factories]: [org.springframework.security.test.context.support.WithSecurityContextTestExecutionListener, org.springframework.security.test.context.support.ReactorContextTestExecutionListener, org.springframework.boot.test.autoconfigure.restdocs.RestDocsTestExecutionListener, org.springframework.boot.test.autoconfigure.web.client.MockRestServiceServerResetTestExecutionListener, org.springframework.boot.test.autoconfigure.web.servlet.MockMvcPrintOnlyOnFailureTestExecutionListener, org.springframework.boot.test.autoconfigure.web.servlet.WebDriverTestExecutionListener, org.springframework.boot.test.mock.mockito.MockitoTestExecutionListener, org.springframework.boot.test.mock.mockito.ResetMocksTestExecutionListener, org.springframework.test.context.web.ServletTestExecutionListener, org.springframework.test.context.support.DirtiesContextBeforeModesTestExecutionListener, org.springframework.test.context.support.DependencyInjectionTestExecutionListener, org.springframework.test.context.support.DirtiesContextTestExecutionListener, org.springframework.test.context.transaction.TransactionalTestExecutionListener, org.springframework.test.context.jdbc.SqlScriptsTestExecutionListener]
2022-01-27 05:35:23.027  INFO 13840 --- [    Test worker] .b.t.c.SpringBootTestContextBootstrapper : Using TestExecutionListeners: [org.springframework.test.context.web.ServletTestExecutionListener@5c521c7, org.springframework.test.context.support.DirtiesContextBeforeModesTestExecutionListener@2437fa5, org.springframework.boot.test.mock.mockito.MockitoTestExecutionListener@417ef136, org.springframework.boot.test.autoconfigure.SpringBootDependencyInjectionTestExecutionListener@23826044, org.springframework.test.context.support.DirtiesContextTestExecutionListener@f65b6ea, org.springframework.test.context.transaction.TransactionalTestExecutionListener@16425ef4, org.springframework.test.context.jdbc.SqlScriptsTestExecutionListener@2003fa4b, org.springframework.security.test.context.support.WithSecurityContextTestExecutionListener@10b33e4f, org.springframework.security.test.context.support.ReactorContextTestExecutionListener@32430855, org.springframework.boot.test.autoconfigure.restdocs.RestDocsTestExecutionListener@36724517, org.springframework.boot.test.autoconfigure.web.client.MockRestServiceServerResetTestExecutionListener@99c2030, org.springframework.boot.test.autoconfigure.web.servlet.MockMvcPrintOnlyOnFailureTestExecutionListener@54360a, org.springframework.boot.test.autoconfigure.web.servlet.WebDriverTestExecutionListener@2a7f97f5, org.springframework.boot.test.mock.mockito.ResetMocksTestExecutionListener@e013550]

  .   ____          _            __ _ _
 /\\ / ___'_ __ _ _(_)_ __  __ _ \ \ \ \
( ( )\___ | '_ | '_| | '_ \/ _` | \ \ \ \
 \\/  ___)| |_)| | | | | || (_| |  ) ) ) )
  '  |____| .__|_| |_|_| |_\__, | / / / /
 =========|_|==============|___/=/_/_/_/
 :: Spring Boot ::        (v2.1.7.RELEASE)

2022-01-27 05:35:23.127  INFO 13840 --- [    Test worker] c.m.b.s.web.IndexControllerTest          : Starting IndexControllerTest on DESKTOP-2JUAE66 with PID 13840 (started by 김민호 in C:\Users\mino\springboot-aws)
2022-01-27 05:35:23.128  INFO 13840 --- [    Test worker] c.m.b.s.web.IndexControllerTest          : No active profile set, falling back to default profiles: default
2022-01-27 05:35:23.683  INFO 13840 --- [    Test worker] .s.d.r.c.RepositoryConfigurationDelegate : Bootstrapping Spring Data repositories in DEFAULT mode.
2022-01-27 05:35:23.772  INFO 13840 --- [    Test worker] .s.d.r.c.RepositoryConfigurationDelegate : Finished Spring Data repository scanning in 89ms. Found 2 repository interfaces.
2022-01-27 05:35:23.991  INFO 13840 --- [    Test worker] trationDelegate$BeanPostProcessorChecker : Bean 'org.springframework.transaction.annotation.ProxyTransactionManagementConfiguration' of type [org.springframework.transaction.annotation.ProxyTransactionManagementConfiguration$$EnhancerBySpringCGLIB$$26e423fc] is not eligible for getting processed by all BeanPostProcessors (for example: not eligible for auto-proxying)
2022-01-27 05:35:24.525  INFO 13840 --- [    Test worker] o.s.b.w.embedded.tomcat.TomcatWebServer  : Tomcat initialized with port(s): 0 (http)
2022-01-27 05:35:24.583  INFO 13840 --- [    Test worker] o.apache.catalina.core.StandardService   : Starting service [Tomcat]
2022-01-27 05:35:24.584  INFO 13840 --- [    Test worker] org.apache.catalina.core.StandardEngine  : Starting Servlet engine: [Apache Tomcat/9.0.22]
2022-01-27 05:35:25.030  INFO 13840 --- [    Test worker] o.a.c.c.C.[Tomcat].[localhost].[/]       : Initializing Spring embedded WebApplicationContext
2022-01-27 05:35:25.031  INFO 13840 --- [    Test worker] o.s.web.context.ContextLoader            : Root WebApplicationContext: initialization completed in 1896 ms
2022-01-27 05:35:25.355  INFO 13840 --- [    Test worker] com.zaxxer.hikari.HikariDataSource       : HikariPool-2 - Starting...
2022-01-27 05:35:25.357  INFO 13840 --- [    Test worker] com.zaxxer.hikari.HikariDataSource       : HikariPool-2 - Start completed.
2022-01-27 05:35:25.435  INFO 13840 --- [    Test worker] o.hibernate.jpa.internal.util.LogHelper  : HHH000204: Processing PersistenceUnitInfo [
	name: default
	...]
2022-01-27 05:35:25.465  INFO 13840 --- [    Test worker] org.hibernate.dialect.Dialect            : HHH000400: Using dialect: org.hibernate.dialect.MySQL5Dialect
Hibernate: drop table if exists posts
Hibernate: drop table if exists user
Hibernate: create table posts (id bigint not null auto_increment, created_time datetime, modified_time datetime, author varchar(255), content TEXT not null, title varchar(500) not null, primary key (id)) engine=MyISAM
Hibernate: create table user (id bigint not null auto_increment, created_time datetime, modified_time datetime, email varchar(255) not null, name varchar(255) not null, picture varchar(255), role varchar(255) not null, primary key (id)) engine=MyISAM
2022-01-27 05:35:25.572  INFO 13840 --- [    Test worker] o.h.t.schema.internal.SchemaCreatorImpl  : HHH000476: Executing import script 'org.hibernate.tool.schema.internal.exec.ScriptSourceInputNonExistentImpl@26f5242a'
2022-01-27 05:35:25.573  INFO 13840 --- [    Test worker] j.LocalContainerEntityManagerFactoryBean : Initialized JPA EntityManagerFactory for persistence unit 'default'
2022-01-27 05:35:26.189  INFO 13840 --- [    Test worker] o.h.h.i.QueryTranslatorFactoryInitiator  : HHH000397: Using ASTQueryTranslatorFactory
2022-01-27 05:35:26.508  INFO 13840 --- [    Test worker] o.s.s.web.DefaultSecurityFilterChain     : Creating filter chain: any request, [org.springframework.security.web.context.request.async.WebAsyncManagerIntegrationFilter@7e0bcaad, org.springframework.security.web.context.SecurityContextPersistenceFilter@1041d841, org.springframework.security.web.header.HeaderWriterFilter@5a06a53e, org.springframework.security.web.authentication.logout.LogoutFilter@56e7af0c, org.springframework.security.oauth2.client.web.OAuth2AuthorizationRequestRedirectFilter@13472589, org.springframework.security.oauth2.client.web.OAuth2LoginAuthenticationFilter@76a3ff52, org.springframework.security.web.authentication.ui.DefaultLoginPageGeneratingFilter@487af592, org.springframework.security.web.authentication.ui.DefaultLogoutPageGeneratingFilter@3717e792, org.springframework.security.web.savedrequest.RequestCacheAwareFilter@121abf2f, org.springframework.security.web.servletapi.SecurityContextHolderAwareRequestFilter@7ddac707, org.springframework.security.web.authentication.AnonymousAuthenticationFilter@1dd6e794, org.springframework.security.web.session.SessionManagementFilter@19558816, org.springframework.security.web.access.ExceptionTranslationFilter@5d3bec5a, org.springframework.security.web.access.intercept.FilterSecurityInterceptor@20ad2f19]
2022-01-27 05:35:26.915  INFO 13840 --- [    Test worker] o.s.s.concurrent.ThreadPoolTaskExecutor  : Initializing ExecutorService 'applicationTaskExecutor'
2022-01-27 05:35:26.943  WARN 13840 --- [    Test worker] aWebConfiguration$JpaWebMvcConfiguration : spring.jpa.open-in-view is enabled by default. Therefore, database queries may be performed during view rendering. Explicitly configure spring.jpa.open-in-view to disable this warning
2022-01-27 05:35:26.995  INFO 13840 --- [    Test worker] o.s.b.a.w.s.WelcomePageHandlerMapping    : Adding welcome page template: index
2022-01-27 05:35:27.559  INFO 13840 --- [    Test worker] s.a.ScheduledAnnotationBeanPostProcessor : No TaskScheduler/ScheduledExecutorService bean found for scheduled processing
2022-01-27 05:35:27.593  INFO 13840 --- [    Test worker] o.s.b.w.embedded.tomcat.TomcatWebServer  : Tomcat started on port(s): 51160 (http) with context path ''
2022-01-27 05:35:27.594  INFO 13840 --- [    Test worker] c.m.b.s.web.IndexControllerTest          : Started IndexControllerTest in 4.563 seconds (JVM running for 24.965)
2022-01-27 05:35:27.790  INFO 13840 --- [o-auto-1-exec-1] o.a.c.c.C.[Tomcat].[localhost].[/]       : Initializing Spring DispatcherServlet 'dispatcherServlet'
2022-01-27 05:35:27.791  INFO 13840 --- [o-auto-1-exec-1] o.s.web.servlet.DispatcherServlet        : Initializing Servlet 'dispatcherServlet'
2022-01-27 05:35:27.837  INFO 13840 --- [o-auto-1-exec-1] o.s.web.servlet.DispatcherServlet        : Completed initialization in 46 ms
Hibernate: select posts0_.id as id1_0_, posts0_.created_time as created_2_0_, posts0_.modified_time as modified3_0_, posts0_.author as author4_0_, posts0_.content as content5_0_, posts0_.title as title6_0_ from posts posts0_ order by posts0_.id DESC
]]></system-out>
  <system-err><![CDATA[]]></system-err>
</testsuite>
