<?xml version="1.0" encoding="UTF-8"?>
<testsuite name="com.mino.book.springboot.web.PostsApiControllerTest" tests="2" skipped="0" failures="0" errors="0" timestamp="2022-01-28T07:25:33" hostname="DESKTOP-2JUAE66" time="0.175">
  <properties/>
  <testcase name="Posts_Loaded" classname="com.mino.book.springboot.web.PostsApiControllerTest" time="0.13"/>
  <testcase name="Posts_Updated" classname="com.mino.book.springboot.web.PostsApiControllerTest" time="0.044"/>
  <system-out><![CDATA[2022-01-28 16:25:32.993  INFO 18680 --- [    Test worker] .b.t.c.SpringBootTestContextBootstrapper : Neither @ContextConfiguration nor @ContextHierarchy found for test class [com.mino.book.springboot.web.PostsApiControllerTest], using SpringBootContextLoader
2022-01-28 16:25:32.995  INFO 18680 --- [    Test worker] o.s.t.c.support.AbstractContextLoader    : Could not detect default resource locations for test class [com.mino.book.springboot.web.PostsApiControllerTest]: no resource found for suffixes {-context.xml, Context.groovy}.
2022-01-28 16:25:32.996  INFO 18680 --- [    Test worker] t.c.s.AnnotationConfigContextLoaderUtils : Could not detect default configuration classes for test class [com.mino.book.springboot.web.PostsApiControllerTest]: PostsApiControllerTest does not declare any static, non-private, non-final, nested classes annotated with @Configuration.
2022-01-28 16:25:32.999  INFO 18680 --- [    Test worker] .b.t.c.SpringBootTestContextBootstrapper : Found @SpringBootConfiguration com.mino.book.springboot.Application for test class com.mino.book.springboot.web.PostsApiControllerTest
2022-01-28 16:25:33.001  INFO 18680 --- [    Test worker] .b.t.c.SpringBootTestContextBootstrapper : Loaded default TestExecutionListener class names from location [META-INF/spring.factories]: [org.springframework.security.test.context.support.WithSecurityContextTestExecutionListener, org.springframework.security.test.context.support.ReactorContextTestExecutionListener, org.springframework.boot.test.autoconfigure.restdocs.RestDocsTestExecutionListener, org.springframework.boot.test.autoconfigure.web.client.MockRestServiceServerResetTestExecutionListener, org.springframework.boot.test.autoconfigure.web.servlet.MockMvcPrintOnlyOnFailureTestExecutionListener, org.springframework.boot.test.autoconfigure.web.servlet.WebDriverTestExecutionListener, org.springframework.boot.test.mock.mockito.MockitoTestExecutionListener, org.springframework.boot.test.mock.mockito.ResetMocksTestExecutionListener, org.springframework.test.context.web.ServletTestExecutionListener, org.springframework.test.context.support.DirtiesContextBeforeModesTestExecutionListener, org.springframework.test.context.support.DependencyInjectionTestExecutionListener, org.springframework.test.context.support.DirtiesContextTestExecutionListener, org.springframework.test.context.transaction.TransactionalTestExecutionListener, org.springframework.test.context.jdbc.SqlScriptsTestExecutionListener]
2022-01-28 16:25:33.003  INFO 18680 --- [    Test worker] .b.t.c.SpringBootTestContextBootstrapper : Using TestExecutionListeners: [org.springframework.test.context.web.ServletTestExecutionListener@2779fc3, org.springframework.test.context.support.DirtiesContextBeforeModesTestExecutionListener@2e566c91, org.springframework.boot.test.mock.mockito.MockitoTestExecutionListener@e327719, org.springframework.boot.test.autoconfigure.SpringBootDependencyInjectionTestExecutionListener@15a078d5, org.springframework.test.context.support.DirtiesContextTestExecutionListener@2b977425, org.springframework.test.context.transaction.TransactionalTestExecutionListener@3638b722, org.springframework.test.context.jdbc.SqlScriptsTestExecutionListener@2b2f8443, org.springframework.security.test.context.support.WithSecurityContextTestExecutionListener@3d5f2723, org.springframework.security.test.context.support.ReactorContextTestExecutionListener@2d795af1, org.springframework.boot.test.autoconfigure.restdocs.RestDocsTestExecutionListener@5e0b69db, org.springframework.boot.test.autoconfigure.web.client.MockRestServiceServerResetTestExecutionListener@9d1f3c5, org.springframework.boot.test.autoconfigure.web.servlet.MockMvcPrintOnlyOnFailureTestExecutionListener@4df3bbe3, org.springframework.boot.test.autoconfigure.web.servlet.WebDriverTestExecutionListener@2a3ade7e, org.springframework.boot.test.mock.mockito.ResetMocksTestExecutionListener@2f7a3f53]
2022-01-28 16:25:33.015  INFO 18680 --- [    Test worker] o.a.c.c.C.[Tomcat].[localhost].[/]       : Initializing Spring TestDispatcherServlet ''
2022-01-28 16:25:33.015  INFO 18680 --- [    Test worker] o.s.t.web.servlet.TestDispatcherServlet  : Initializing Servlet ''
2022-01-28 16:25:33.017  INFO 18680 --- [    Test worker] o.s.t.web.servlet.TestDispatcherServlet  : Completed initialization in 1 ms
Hibernate: insert into posts (created_time, modified_time, author, content, title) values (?, ?, ?, ?, ?)
Hibernate: select posts0_.id as id1_0_, posts0_.created_time as created_2_0_, posts0_.modified_time as modified3_0_, posts0_.author as author4_0_, posts0_.content as content5_0_, posts0_.title as title6_0_ from posts posts0_
Hibernate: select posts0_.id as id1_0_, posts0_.created_time as created_2_0_, posts0_.modified_time as modified3_0_, posts0_.author as author4_0_, posts0_.content as content5_0_, posts0_.title as title6_0_ from posts posts0_
Hibernate: delete from posts where id=?
2022-01-28 16:25:33.142  INFO 18680 --- [    Test worker] o.a.c.c.C.[Tomcat].[localhost].[/]       : Initializing Spring TestDispatcherServlet ''
2022-01-28 16:25:33.142  INFO 18680 --- [    Test worker] o.s.t.web.servlet.TestDispatcherServlet  : Initializing Servlet ''
2022-01-28 16:25:33.144  INFO 18680 --- [    Test worker] o.s.t.web.servlet.TestDispatcherServlet  : Completed initialization in 2 ms
Hibernate: insert into posts (created_time, modified_time, author, content, title) values (?, ?, ?, ?, ?)
Hibernate: select posts0_.id as id1_0_0_, posts0_.created_time as created_2_0_0_, posts0_.modified_time as modified3_0_0_, posts0_.author as author4_0_0_, posts0_.content as content5_0_0_, posts0_.title as title6_0_0_ from posts posts0_ where posts0_.id=?
Hibernate: update posts set created_time=?, modified_time=?, author=?, content=?, title=? where id=?
Hibernate: select posts0_.id as id1_0_, posts0_.created_time as created_2_0_, posts0_.modified_time as modified3_0_, posts0_.author as author4_0_, posts0_.content as content5_0_, posts0_.title as title6_0_ from posts posts0_
Hibernate: select posts0_.id as id1_0_, posts0_.created_time as created_2_0_, posts0_.modified_time as modified3_0_, posts0_.author as author4_0_, posts0_.content as content5_0_, posts0_.title as title6_0_ from posts posts0_
Hibernate: delete from posts where id=?
]]></system-out>
  <system-err><![CDATA[]]></system-err>
</testsuite>
