<?xml version="1.0" encoding="UTF-8"?>
<testsuite name="com.mino.book.springboot.web.HelloControllerTest" tests="2" skipped="0" failures="0" errors="0" timestamp="2022-01-28T07:25:27" hostname="DESKTOP-2JUAE66" time="0.342">
  <properties/>
  <testcase name="helloDto가_return" classname="com.mino.book.springboot.web.HelloControllerTest" time="0.329"/>
  <testcase name="hello가_return" classname="com.mino.book.springboot.web.HelloControllerTest" time="0.013"/>
  <system-out><![CDATA[2022-01-28 16:25:25.098  INFO 18680 --- [    Test worker] .b.t.a.w.s.WebMvcTestContextBootstrapper : Neither @ContextConfiguration nor @ContextHierarchy found for test class [com.mino.book.springboot.web.HelloControllerTest], using SpringBootContextLoader
2022-01-28 16:25:25.101  INFO 18680 --- [    Test worker] o.s.t.c.support.AbstractContextLoader    : Could not detect default resource locations for test class [com.mino.book.springboot.web.HelloControllerTest]: no resource found for suffixes {-context.xml, Context.groovy}.
2022-01-28 16:25:25.101  INFO 18680 --- [    Test worker] t.c.s.AnnotationConfigContextLoaderUtils : Could not detect default configuration classes for test class [com.mino.book.springboot.web.HelloControllerTest]: HelloControllerTest does not declare any static, non-private, non-final, nested classes annotated with @Configuration.
2022-01-28 16:25:25.162  INFO 18680 --- [    Test worker] .b.t.c.SpringBootTestContextBootstrapper : Found @SpringBootConfiguration com.mino.book.springboot.Application for test class com.mino.book.springboot.web.HelloControllerTest
2022-01-28 16:25:25.163  INFO 18680 --- [    Test worker] .b.t.a.w.s.WebMvcTestContextBootstrapper : Loaded default TestExecutionListener class names from location [META-INF/spring.factories]: [org.springframework.security.test.context.support.WithSecurityContextTestExecutionListener, org.springframework.security.test.context.support.ReactorContextTestExecutionListener, org.springframework.boot.test.autoconfigure.restdocs.RestDocsTestExecutionListener, org.springframework.boot.test.autoconfigure.web.client.MockRestServiceServerResetTestExecutionListener, org.springframework.boot.test.autoconfigure.web.servlet.MockMvcPrintOnlyOnFailureTestExecutionListener, org.springframework.boot.test.autoconfigure.web.servlet.WebDriverTestExecutionListener, org.springframework.boot.test.mock.mockito.MockitoTestExecutionListener, org.springframework.boot.test.mock.mockito.ResetMocksTestExecutionListener, org.springframework.test.context.web.ServletTestExecutionListener, org.springframework.test.context.support.DirtiesContextBeforeModesTestExecutionListener, org.springframework.test.context.support.DependencyInjectionTestExecutionListener, org.springframework.test.context.support.DirtiesContextTestExecutionListener, org.springframework.test.context.transaction.TransactionalTestExecutionListener, org.springframework.test.context.jdbc.SqlScriptsTestExecutionListener]
2022-01-28 16:25:25.166  INFO 18680 --- [    Test worker] .b.t.a.w.s.WebMvcTestContextBootstrapper : Using TestExecutionListeners: [org.springframework.test.context.web.ServletTestExecutionListener@4e23a483, org.springframework.test.context.support.DirtiesContextBeforeModesTestExecutionListener@5c500c16, org.springframework.boot.test.mock.mockito.MockitoTestExecutionListener@55f74cf6, org.springframework.boot.test.autoconfigure.SpringBootDependencyInjectionTestExecutionListener@5e749c55, org.springframework.test.context.support.DirtiesContextTestExecutionListener@da03ca4, org.springframework.test.context.transaction.TransactionalTestExecutionListener@514cb1ba, org.springframework.test.context.jdbc.SqlScriptsTestExecutionListener@3e33c799, org.springframework.security.test.context.support.WithSecurityContextTestExecutionListener@44df623e, org.springframework.security.test.context.support.ReactorContextTestExecutionListener@4896331d, org.springframework.boot.test.autoconfigure.restdocs.RestDocsTestExecutionListener@7ce39ad4, org.springframework.boot.test.autoconfigure.web.client.MockRestServiceServerResetTestExecutionListener@5c4c85de, org.springframework.boot.test.autoconfigure.web.servlet.MockMvcPrintOnlyOnFailureTestExecutionListener@633dd2fb, org.springframework.boot.test.autoconfigure.web.servlet.WebDriverTestExecutionListener@1aca1b5a, org.springframework.boot.test.mock.mockito.ResetMocksTestExecutionListener@7a1f17ed]

  .   ____          _            __ _ _
 /\\ / ___'_ __ _ _(_)_ __  __ _ \ \ \ \
( ( )\___ | '_ | '_| | '_ \/ _` | \ \ \ \
 \\/  ___)| |_)| | | | | || (_| |  ) ) ) )
  '  |____| .__|_| |_|_| |_\__, | / / / /
 =========|_|==============|___/=/_/_/_/
 :: Spring Boot ::        (v2.1.7.RELEASE)

2022-01-28 16:25:25.285  INFO 18680 --- [    Test worker] c.m.b.s.web.HelloControllerTest          : Starting HelloControllerTest on DESKTOP-2JUAE66 with PID 18680 (started by 김민호 in C:\Users\mino\springboot-aws)
2022-01-28 16:25:25.286  INFO 18680 --- [    Test worker] c.m.b.s.web.HelloControllerTest          : No active profile set, falling back to default profiles: default
2022-01-28 16:25:26.420  INFO 18680 --- [    Test worker] o.s.s.concurrent.ThreadPoolTaskExecutor  : Initializing ExecutorService 'applicationTaskExecutor'
2022-01-28 16:25:26.491  INFO 18680 --- [    Test worker] o.s.b.a.w.s.WelcomePageHandlerMapping    : Adding welcome page template: index
2022-01-28 16:25:26.980  INFO 18680 --- [    Test worker] .s.s.UserDetailsServiceAutoConfiguration : 

Using generated security password: bc61704c-e6dd-4fb0-8afc-d32849fa4c9f

2022-01-28 16:25:27.296  INFO 18680 --- [    Test worker] o.s.s.web.DefaultSecurityFilterChain     : Creating filter chain: any request, [org.springframework.security.web.context.request.async.WebAsyncManagerIntegrationFilter@60e4d35f, org.springframework.security.web.context.SecurityContextPersistenceFilter@556cca1, org.springframework.security.web.header.HeaderWriterFilter@4b4fbcaf, org.springframework.security.web.csrf.CsrfFilter@1bae998c, org.springframework.security.web.authentication.logout.LogoutFilter@2ddeaa7b, org.springframework.security.web.authentication.UsernamePasswordAuthenticationFilter@59645a44, org.springframework.security.web.authentication.ui.DefaultLoginPageGeneratingFilter@11d97595, org.springframework.security.web.authentication.ui.DefaultLogoutPageGeneratingFilter@48828125, org.springframework.security.web.authentication.www.BasicAuthenticationFilter@11a5c8bc, org.springframework.security.web.savedrequest.RequestCacheAwareFilter@12c79c28, org.springframework.security.web.servletapi.SecurityContextHolderAwareRequestFilter@24dbf01b, org.springframework.security.web.authentication.AnonymousAuthenticationFilter@77dd50a1, org.springframework.security.web.session.SessionManagementFilter@24c23eb3, org.springframework.security.web.access.ExceptionTranslationFilter@3c756e65, org.springframework.security.web.access.intercept.FilterSecurityInterceptor@6377dfd9]
2022-01-28 16:25:27.368  INFO 18680 --- [    Test worker] o.s.b.t.m.w.SpringBootMockServletContext : Initializing Spring TestDispatcherServlet ''
2022-01-28 16:25:27.368  INFO 18680 --- [    Test worker] o.s.t.web.servlet.TestDispatcherServlet  : Initializing Servlet ''
2022-01-28 16:25:27.395  INFO 18680 --- [    Test worker] o.s.t.web.servlet.TestDispatcherServlet  : Completed initialization in 27 ms
2022-01-28 16:25:27.457  INFO 18680 --- [    Test worker] c.m.b.s.web.HelloControllerTest          : Started HelloControllerTest in 2.285 seconds (JVM running for 22.599)
]]></system-out>
  <system-err><![CDATA[]]></system-err>
</testsuite>
