<?xml version="1.0" encoding="UTF-8"?>
<testsuite name="com.mino.book.springboot.web.HelloControllerTest" tests="2" skipped="0" failures="0" errors="0" timestamp="2022-01-26T20:35:22" hostname="DESKTOP-2JUAE66" time="0.341">
  <properties/>
  <testcase name="helloDto가_return" classname="com.mino.book.springboot.web.HelloControllerTest" time="0.328"/>
  <testcase name="hello가_return" classname="com.mino.book.springboot.web.HelloControllerTest" time="0.012"/>
  <system-out><![CDATA[2022-01-27 05:35:20.100  INFO 13840 --- [    Test worker] .b.t.a.w.s.WebMvcTestContextBootstrapper : Neither @ContextConfiguration nor @ContextHierarchy found for test class [com.mino.book.springboot.web.HelloControllerTest], using SpringBootContextLoader
2022-01-27 05:35:20.103  INFO 13840 --- [    Test worker] o.s.t.c.support.AbstractContextLoader    : Could not detect default resource locations for test class [com.mino.book.springboot.web.HelloControllerTest]: no resource found for suffixes {-context.xml, Context.groovy}.
2022-01-27 05:35:20.104  INFO 13840 --- [    Test worker] t.c.s.AnnotationConfigContextLoaderUtils : Could not detect default configuration classes for test class [com.mino.book.springboot.web.HelloControllerTest]: HelloControllerTest does not declare any static, non-private, non-final, nested classes annotated with @Configuration.
2022-01-27 05:35:20.176  INFO 13840 --- [    Test worker] .b.t.c.SpringBootTestContextBootstrapper : Found @SpringBootConfiguration com.mino.book.springboot.Application for test class com.mino.book.springboot.web.HelloControllerTest
2022-01-27 05:35:20.177  INFO 13840 --- [    Test worker] .b.t.a.w.s.WebMvcTestContextBootstrapper : Loaded default TestExecutionListener class names from location [META-INF/spring.factories]: [org.springframework.security.test.context.support.WithSecurityContextTestExecutionListener, org.springframework.security.test.context.support.ReactorContextTestExecutionListener, org.springframework.boot.test.autoconfigure.restdocs.RestDocsTestExecutionListener, org.springframework.boot.test.autoconfigure.web.client.MockRestServiceServerResetTestExecutionListener, org.springframework.boot.test.autoconfigure.web.servlet.MockMvcPrintOnlyOnFailureTestExecutionListener, org.springframework.boot.test.autoconfigure.web.servlet.WebDriverTestExecutionListener, org.springframework.boot.test.mock.mockito.MockitoTestExecutionListener, org.springframework.boot.test.mock.mockito.ResetMocksTestExecutionListener, org.springframework.test.context.web.ServletTestExecutionListener, org.springframework.test.context.support.DirtiesContextBeforeModesTestExecutionListener, org.springframework.test.context.support.DependencyInjectionTestExecutionListener, org.springframework.test.context.support.DirtiesContextTestExecutionListener, org.springframework.test.context.transaction.TransactionalTestExecutionListener, org.springframework.test.context.jdbc.SqlScriptsTestExecutionListener]
2022-01-27 05:35:20.180  INFO 13840 --- [    Test worker] .b.t.a.w.s.WebMvcTestContextBootstrapper : Using TestExecutionListeners: [org.springframework.test.context.web.ServletTestExecutionListener@7ce39ad4, org.springframework.test.context.support.DirtiesContextBeforeModesTestExecutionListener@5c4c85de, org.springframework.boot.test.mock.mockito.MockitoTestExecutionListener@633dd2fb, org.springframework.boot.test.autoconfigure.SpringBootDependencyInjectionTestExecutionListener@1aca1b5a, org.springframework.test.context.support.DirtiesContextTestExecutionListener@7a1f17ed, org.springframework.test.context.transaction.TransactionalTestExecutionListener@42451f05, org.springframework.test.context.jdbc.SqlScriptsTestExecutionListener@4fe2a7bc, org.springframework.security.test.context.support.WithSecurityContextTestExecutionListener@5b865d1, org.springframework.security.test.context.support.ReactorContextTestExecutionListener@71aaaf4, org.springframework.boot.test.autoconfigure.restdocs.RestDocsTestExecutionListener@6d4d3025, org.springframework.boot.test.autoconfigure.web.client.MockRestServiceServerResetTestExecutionListener@3748a577, org.springframework.boot.test.autoconfigure.web.servlet.MockMvcPrintOnlyOnFailureTestExecutionListener@7198c8a2, org.springframework.boot.test.autoconfigure.web.servlet.WebDriverTestExecutionListener@2387916f, org.springframework.boot.test.mock.mockito.ResetMocksTestExecutionListener@274f5122]

  .   ____          _            __ _ _
 /\\ / ___'_ __ _ _(_)_ __  __ _ \ \ \ \
( ( )\___ | '_ | '_| | '_ \/ _` | \ \ \ \
 \\/  ___)| |_)| | | | | || (_| |  ) ) ) )
  '  |____| .__|_| |_|_| |_\__, | / / / /
 =========|_|==============|___/=/_/_/_/
 :: Spring Boot ::        (v2.1.7.RELEASE)

2022-01-27 05:35:20.301  INFO 13840 --- [    Test worker] c.m.b.s.web.HelloControllerTest          : Starting HelloControllerTest on DESKTOP-2JUAE66 with PID 13840 (started by 김민호 in C:\Users\mino\springboot-aws)
2022-01-27 05:35:20.302  INFO 13840 --- [    Test worker] c.m.b.s.web.HelloControllerTest          : No active profile set, falling back to default profiles: default
2022-01-27 05:35:21.472  INFO 13840 --- [    Test worker] o.s.s.concurrent.ThreadPoolTaskExecutor  : Initializing ExecutorService 'applicationTaskExecutor'
2022-01-27 05:35:21.566  INFO 13840 --- [    Test worker] o.s.b.a.w.s.WelcomePageHandlerMapping    : Adding welcome page template: index
2022-01-27 05:35:22.105  INFO 13840 --- [    Test worker] .s.s.UserDetailsServiceAutoConfiguration : 

Using generated security password: c95e5dfa-bf5e-4454-b820-758391da78fc

2022-01-27 05:35:22.485  INFO 13840 --- [    Test worker] o.s.s.web.DefaultSecurityFilterChain     : Creating filter chain: any request, [org.springframework.security.web.context.request.async.WebAsyncManagerIntegrationFilter@34f5ccef, org.springframework.security.web.context.SecurityContextPersistenceFilter@44ca4c84, org.springframework.security.web.header.HeaderWriterFilter@2ddeaa7b, org.springframework.security.web.csrf.CsrfFilter@22d990cb, org.springframework.security.web.authentication.logout.LogoutFilter@43f0db92, org.springframework.security.web.authentication.UsernamePasswordAuthenticationFilter@60e4d35f, org.springframework.security.web.authentication.ui.DefaultLoginPageGeneratingFilter@59645a44, org.springframework.security.web.authentication.ui.DefaultLogoutPageGeneratingFilter@701ab844, org.springframework.security.web.authentication.www.BasicAuthenticationFilter@5153af53, org.springframework.security.web.savedrequest.RequestCacheAwareFilter@3ba237a4, org.springframework.security.web.servletapi.SecurityContextHolderAwareRequestFilter@6377dfd9, org.springframework.security.web.authentication.AnonymousAuthenticationFilter@3c7fa823, org.springframework.security.web.session.SessionManagementFilter@43ef28c3, org.springframework.security.web.access.ExceptionTranslationFilter@77f11ccd, org.springframework.security.web.access.intercept.FilterSecurityInterceptor@544cbd51]
2022-01-27 05:35:22.564  INFO 13840 --- [    Test worker] o.s.b.t.m.w.SpringBootMockServletContext : Initializing Spring TestDispatcherServlet ''
2022-01-27 05:35:22.565  INFO 13840 --- [    Test worker] o.s.t.web.servlet.TestDispatcherServlet  : Initializing Servlet ''
2022-01-27 05:35:22.601  INFO 13840 --- [    Test worker] o.s.t.web.servlet.TestDispatcherServlet  : Completed initialization in 36 ms
2022-01-27 05:35:22.663  INFO 13840 --- [    Test worker] c.m.b.s.web.HelloControllerTest          : Started HelloControllerTest in 2.477 seconds (JVM running for 20.034)
]]></system-out>
  <system-err><![CDATA[]]></system-err>
</testsuite>
